build/app/intermediates/manifest_merge_blame_file/debug/manifest-merger-blame-debug-report.txt
1<?xml version="1.0" encoding="utf-8"?>
2<manifest xmlns:android="http://schemas.android.com/apk/res/android"
3    package="com.ateam.map"
4    android:versionCode="13"
5    android:versionName="1.0.9" >
6
7    <uses-sdk
8        android:minSdkVersion="21"
9        android:targetSdkVersion="34" />
10    <!--
11         The INTERNET permission is required for development. Specifically,
12         the Flutter tool needs it to communicate with the running application
13         to allow setting breakpoints, to provide hot reload, etc.
14    -->
15    <uses-permission android:name="android.permission.INTERNET" />
15-->src/main/AndroidManifest.xml:7:3-64
15-->src/main/AndroidManifest.xml:7:20-62
16    <uses-permission android:name="android.permission.ACCESS_NETWORK_STATE" />
16-->src/main/AndroidManifest.xml:4:3-77
16-->src/main/AndroidManifest.xml:4:20-74
17    <uses-permission android:name="android.permission.ACCESS_FINE_LOCATION" />
17-->src/main/AndroidManifest.xml:5:3-77
17-->src/main/AndroidManifest.xml:5:20-74
18    <uses-permission android:name="android.permission.ACCESS_COARSE_LOCATION" /> <!-- Provide required visibility configuration for API level 30 and above -->
18-->src/main/AndroidManifest.xml:6:3-79
18-->src/main/AndroidManifest.xml:6:20-76
19    <queries>
19-->src/main/AndroidManifest.xml:49:1-54:11
20        <intent>
20-->src/main/AndroidManifest.xml:50:3-53:12
21            <action android:name="android.intent.action.VIEW" />
21-->src/main/AndroidManifest.xml:51:5-57
21-->src/main/AndroidManifest.xml:51:13-54
22
23            <data android:scheme="tel" />
23-->src/main/AndroidManifest.xml:52:5-34
23-->src/main/AndroidManifest.xml:52:11-31
24        </intent>
25    </queries>
26
27    <uses-feature
27-->[com.mapbox.maps:android-core:11.5.1] AndroidManifest.xml:10:5-12:35
28        android:glEsVersion="0x00030000"
28-->[com.mapbox.maps:android-core:11.5.1] AndroidManifest.xml:11:9-41
29        android:required="true" />
29-->[com.mapbox.maps:android-core:11.5.1] AndroidManifest.xml:12:9-32
30    <uses-feature
30-->[com.mapbox.maps:android-core:11.5.1] AndroidManifest.xml:13:5-15:36
31        android:name="android.hardware.wifi"
31-->[com.mapbox.maps:android-core:11.5.1] AndroidManifest.xml:14:9-45
32        android:required="false" />
32-->[com.mapbox.maps:android-core:11.5.1] AndroidManifest.xml:15:9-33
33
34    <uses-permission android:name="android.permission.ACCESS_WIFI_STATE" />
34-->[com.mapbox.maps:android-core:11.5.1] AndroidManifest.xml:19:5-76
34-->[com.mapbox.maps:android-core:11.5.1] AndroidManifest.xml:19:22-73
35
36    <permission
36-->[androidx.core:core:1.9.0] AndroidManifest.xml:22:5-24:47
37        android:name="com.ateam.map.DYNAMIC_RECEIVER_NOT_EXPORTED_PERMISSION"
37-->[androidx.core:core:1.9.0] AndroidManifest.xml:23:9-81
38        android:protectionLevel="signature" />
38-->[androidx.core:core:1.9.0] AndroidManifest.xml:24:9-44
39
40    <uses-permission android:name="com.ateam.map.DYNAMIC_RECEIVER_NOT_EXPORTED_PERMISSION" />
40-->[androidx.core:core:1.9.0] AndroidManifest.xml:26:5-97
40-->[androidx.core:core:1.9.0] AndroidManifest.xml:26:22-94
41
42    <application
43        android:name="android.app.Application"
44        android:allowBackup="false"
45        android:appComponentFactory="androidx.core.app.CoreComponentFactory"
45-->[androidx.core:core:1.9.0] AndroidManifest.xml:28:18-86
46        android:debuggable="true"
47        android:enableOnBackInvokedCallback="true"
48        android:hardwareAccelerated="true"
49        android:icon="@mipmap/launcher_icon"
50        android:label="A team Map"
51        android:largeHeap="true"
52        android:requestLegacyExternalStorage="true" >
53        <activity
54            android:name="com.ateam.map.MainActivity"
55            android:configChanges="orientation|keyboardHidden|keyboard|screenSize|smallestScreenSize|locale|layoutDirection|fontScale|screenLayout|density|uiMode"
56            android:exported="true"
57            android:hardwareAccelerated="true"
58            android:launchMode="singleTop"
59            android:theme="@style/LaunchTheme"
60            android:windowSoftInputMode="adjustResize" >
61
62            <!--
63                 Specifies an Android theme to apply to this Activity as soon as
64                 the Android process has started. This theme is visible to the user
65                 while the Flutter UI initializes. After that, this theme continues
66                 to determine the Window background behind the Flutter UI.
67            -->
68            <meta-data
69                android:name="io.flutter.embedding.android.NormalTheme"
70                android:resource="@style/NormalTheme" />
71
72            <intent-filter>
73                <action android:name="android.intent.action.MAIN" />
74
75                <category android:name="android.intent.category.LAUNCHER" />
76            </intent-filter>
77        </activity>
78        <activity
79            android:name="com.yalantis.ucrop.UCropActivity"
80            android:screenOrientation="portrait"
81            android:theme="@style/Theme.AppCompat.Light.NoActionBar" />
82        <!--
83             Don't delete the meta-data below.
84             This is used by the Flutter tool to generate GeneratedPluginRegistrant.java
85        -->
86        <meta-data
87            android:name="flutterEmbedding"
88            android:value="2" />
89
90        <service
90-->[:geolocator_android] AndroidManifest.xml:10:9-14:56
91            android:name="com.baseflow.geolocator.GeolocatorLocationService"
91-->[:geolocator_android] AndroidManifest.xml:11:13-77
92            android:enabled="true"
92-->[:geolocator_android] AndroidManifest.xml:12:13-35
93            android:exported="false"
93-->[:geolocator_android] AndroidManifest.xml:13:13-37
94            android:foregroundServiceType="location" />
94-->[:geolocator_android] AndroidManifest.xml:14:13-53
95
96        <activity
96-->[com.google.android.gms:play-services-base:18.1.0] AndroidManifest.xml:20:9-22:45
97            android:name="com.google.android.gms.common.api.GoogleApiActivity"
97-->[com.google.android.gms:play-services-base:18.1.0] AndroidManifest.xml:20:19-85
98            android:exported="false"
98-->[com.google.android.gms:play-services-base:18.1.0] AndroidManifest.xml:22:19-43
99            android:theme="@android:style/Theme.Translucent.NoTitleBar" />
99-->[com.google.android.gms:play-services-base:18.1.0] AndroidManifest.xml:21:19-78
100
101        <meta-data
101-->[com.google.android.gms:play-services-basement:18.1.0] AndroidManifest.xml:21:9-23:69
102            android:name="com.google.android.gms.version"
102-->[com.google.android.gms:play-services-basement:18.1.0] AndroidManifest.xml:22:13-58
103            android:value="@integer/google_play_services_version" />
103-->[com.google.android.gms:play-services-basement:18.1.0] AndroidManifest.xml:23:13-66
104
105        <uses-library
105-->[androidx.window:window:1.0.0-beta04] AndroidManifest.xml:25:9-27:40
106            android:name="androidx.window.extensions"
106-->[androidx.window:window:1.0.0-beta04] AndroidManifest.xml:26:13-54
107            android:required="false" />
107-->[androidx.window:window:1.0.0-beta04] AndroidManifest.xml:27:13-37
108        <uses-library
108-->[androidx.window:window:1.0.0-beta04] AndroidManifest.xml:28:9-30:40
109            android:name="androidx.window.sidecar"
109-->[androidx.window:window:1.0.0-beta04] AndroidManifest.xml:29:13-51
110            android:required="false" />
110-->[androidx.window:window:1.0.0-beta04] AndroidManifest.xml:30:13-37
111
112        <provider
112-->[com.mapbox.maps:android-core:11.5.1] AndroidManifest.xml:22:9-30:20
113            android:name="androidx.startup.InitializationProvider"
113-->[com.mapbox.maps:android-core:11.5.1] AndroidManifest.xml:23:13-67
114            android:authorities="com.ateam.map.androidx-startup"
114-->[com.mapbox.maps:android-core:11.5.1] AndroidManifest.xml:24:13-68
115            android:exported="false" >
115-->[com.mapbox.maps:android-core:11.5.1] AndroidManifest.xml:25:13-37
116            <meta-data
116-->[com.mapbox.maps:android-core:11.5.1] AndroidManifest.xml:27:13-29:52
117                android:name="com.mapbox.maps.loader.MapboxMapsInitializer"
117-->[com.mapbox.maps:android-core:11.5.1] AndroidManifest.xml:28:17-76
118                android:value="androidx.startup" />
118-->[com.mapbox.maps:android-core:11.5.1] AndroidManifest.xml:29:17-49
119            <!-- This entry makes MapboxSDKCommonInitializer discoverable. -->
120            <meta-data
120-->[com.mapbox.common:common:24.5.0] AndroidManifest.xml:19:13-21:52
121                android:name="com.mapbox.common.MapboxSDKCommonInitializer"
121-->[com.mapbox.common:common:24.5.0] AndroidManifest.xml:20:17-76
122                android:value="androidx.startup" />
122-->[com.mapbox.common:common:24.5.0] AndroidManifest.xml:21:17-49
123            <meta-data
123-->[androidx.emoji2:emoji2:1.2.0] AndroidManifest.xml:29:13-31:52
124                android:name="androidx.emoji2.text.EmojiCompatInitializer"
124-->[androidx.emoji2:emoji2:1.2.0] AndroidManifest.xml:30:17-75
125                android:value="androidx.startup" />
125-->[androidx.emoji2:emoji2:1.2.0] AndroidManifest.xml:31:17-49
126            <meta-data
126-->[androidx.lifecycle:lifecycle-process:2.4.1] AndroidManifest.xml:31:13-33:52
127                android:name="androidx.lifecycle.ProcessLifecycleInitializer"
127-->[androidx.lifecycle:lifecycle-process:2.4.1] AndroidManifest.xml:32:17-78
128                android:value="androidx.startup" />
128-->[androidx.lifecycle:lifecycle-process:2.4.1] AndroidManifest.xml:33:17-49
129        </provider>
130
131        <receiver
131-->[com.mapbox.common:common:24.5.0] AndroidManifest.xml:24:9-31:20
132            android:name="com.mapbox.common.location.LocationUpdatesReceiver"
132-->[com.mapbox.common:common:24.5.0] AndroidManifest.xml:25:13-78
133            android:enabled="true"
133-->[com.mapbox.common:common:24.5.0] AndroidManifest.xml:26:13-35
134            android:exported="false" >
134-->[com.mapbox.common:common:24.5.0] AndroidManifest.xml:27:13-37
135            <intent-filter>
135-->[com.mapbox.common:common:24.5.0] AndroidManifest.xml:28:13-30:29
136                <action android:name="com.mapbox.common.location.LocationUpdatesReceiver.ACTION_PROCESS_LOCATION_UPDATES" />
136-->[com.mapbox.common:common:24.5.0] AndroidManifest.xml:29:17-125
136-->[com.mapbox.common:common:24.5.0] AndroidManifest.xml:29:25-122
137            </intent-filter>
138        </receiver>
139
140        <service
140-->[com.mapbox.common:common:24.5.0] AndroidManifest.xml:33:9-35:40
141            android:name="com.mapbox.common.LifecycleService"
141-->[com.mapbox.common:common:24.5.0] AndroidManifest.xml:34:13-62
142            android:exported="false" />
142-->[com.mapbox.common:common:24.5.0] AndroidManifest.xml:35:13-37
143    </application>
144
145</manifest>